2021-08-27 21:50:37,093 - __main__ - WARNING - Launching  the application
2021-08-28 20:27:09,422 - __main__ - WARNING - Launching  the application
2021-08-28 20:27:15,945 - __main__ - WARNING - Launching  the application
2021-08-28 20:27:25,161 - __main__ - WARNING - Rendering the page to take user input
2021-08-28 20:33:07,140 - __main__ - WARNING - Launching  the application
2021-08-28 20:33:11,106 - __main__ - WARNING - Launching  the application
2021-08-28 20:33:15,240 - __main__ - WARNING - Rendering the page to take user input
2021-08-28 20:33:48,200 - __main__ - WARNING - Launching  the application
2021-08-28 20:34:04,122 - __main__ - WARNING - Launching  the application
2021-08-28 20:34:07,371 - __main__ - WARNING - Launching  the application
2021-08-28 20:34:14,919 - __main__ - WARNING - Rendering the page to take user input
2021-08-28 20:35:16,134 - __main__ - WARNING - Launching  the application
2021-08-28 20:35:36,278 - __main__ - WARNING - Launching  the application
2021-08-28 20:35:39,684 - __main__ - WARNING - Launching  the application
2021-08-28 20:35:54,475 - __main__ - WARNING - Rendering the page to take user input
2021-08-28 20:35:54,745 - __main__ - WARNING - Rendering the page to take user input
2021-08-28 20:36:40,777 - __main__ - WARNING - Launching  the application
2021-08-28 20:36:44,609 - __main__ - WARNING - Launching  the application
2021-08-28 20:36:56,099 - __main__ - WARNING - Rendering the page to take user input
2021-08-28 20:36:56,233 - __main__ - WARNING - Rendering the page to take user input
2021-08-28 20:38:47,710 - __main__ - WARNING - Launching  the application
2021-08-28 20:38:53,546 - __main__ - WARNING - Launching  the application
2021-08-28 20:39:01,423 - __main__ - WARNING - Rendering the page to take user input
2021-08-28 20:39:01,626 - __main__ - WARNING - Rendering the page to take user input
2021-08-28 20:41:06,783 - __main__ - WARNING - Launching  the application
2021-08-28 20:41:08,320 - __main__ - WARNING - Launching  the application
2021-08-28 20:41:18,108 - __main__ - WARNING - Rendering the page to take user input
2021-08-28 20:41:19,244 - __main__ - WARNING - Rendering the page to take user input
2021-08-28 20:42:58,595 - __main__ - WARNING - Launching  the application
2021-08-28 20:43:00,051 - __main__ - WARNING - Launching  the application
2021-08-28 20:43:08,210 - __main__ - WARNING - Rendering the page to take user input
2021-08-28 20:43:08,467 - __main__ - WARNING - Rendering the page to take user input
2021-08-28 20:49:44,404 - __main__ - WARNING - Launching  the application
2021-08-28 20:49:45,937 - __main__ - WARNING - Launching  the application
2021-08-28 20:49:52,785 - __main__ - WARNING - Rendering the page to take user input
2021-08-28 20:51:53,399 - __main__ - WARNING - Launching  the application
2021-08-28 20:51:54,970 - __main__ - WARNING - Launching  the application
2021-08-28 20:52:01,164 - __main__ - WARNING - Rendering the page to take user input
2021-08-28 20:52:01,312 - __main__ - WARNING - Rendering the page to take user input
2021-08-28 20:52:41,783 - __main__ - WARNING - Launching  the application
2021-08-28 20:52:43,324 - __main__ - WARNING - Launching  the application
2021-08-28 20:52:49,342 - __main__ - WARNING - Rendering the page to take user input
2021-08-28 20:52:49,705 - __main__ - WARNING - Rendering the page to take user input
2021-08-28 20:53:51,789 - __main__ - WARNING - Launching  the application
2021-08-28 20:53:53,241 - __main__ - WARNING - Launching  the application
2021-08-28 20:54:00,390 - __main__ - WARNING - Rendering the page to take user input
2021-08-28 20:54:00,783 - __main__ - WARNING - Rendering the page to take user input
2021-08-28 20:55:28,570 - __main__ - WARNING - Launching  the application
2021-08-28 20:55:29,977 - __main__ - WARNING - Launching  the application
2021-08-28 20:55:41,419 - __main__ - WARNING - Rendering the page to take user input
2021-08-28 20:55:41,708 - __main__ - WARNING - Rendering the page to take user input
2021-08-28 20:55:58,684 - __main__ - WARNING - Launching  the application
2021-08-28 20:56:00,175 - __main__ - WARNING - Launching  the application
2021-08-28 20:56:05,023 - __main__ - WARNING - Rendering the page to take user input
2021-08-28 20:56:05,111 - __main__ - WARNING - Rendering the page to take user input
2021-08-28 21:00:20,630 - __main__ - WARNING - Launching  the application
2021-08-28 21:00:27,486 - __main__ - WARNING - Launching  the application
2021-08-28 21:00:32,393 - __main__ - WARNING - Rendering the page to take user input
2021-08-28 21:05:25,269 - __main__ - WARNING - Launching  the application
2021-08-28 21:05:31,951 - __main__ - WARNING - Launching  the application
2021-08-28 21:05:38,801 - __main__ - WARNING - Rendering the page to take user input
2021-08-28 21:05:39,081 - __main__ - WARNING - Rendering the page to take user input
2021-08-28 21:06:01,431 - __main__ - WARNING - Launching  the application
2021-08-28 21:06:06,051 - __main__ - WARNING - Launching  the application
2021-08-28 21:06:14,014 - __main__ - WARNING - Rendering the page to take user input
2021-08-28 21:23:40,971 - __main__ - WARNING - Launching  the application
2021-08-28 21:23:45,798 - __main__ - WARNING - Launching  the application
2021-08-28 21:23:47,866 - __main__ - WARNING - Rendering the page to take user input
2021-08-28 21:24:18,660 - __main__ - WARNING - Launhing the prediction process
2021-08-28 21:24:18,662 - __main__ - WARNING - Preparing a dataframe from input values
2021-08-28 21:24:48,265 - __main__ - WARNING - Launching  the application
2021-08-28 21:24:52,014 - __main__ - WARNING - Launching  the application
2021-08-28 21:24:57,152 - __main__ - WARNING - Rendering the page to take user input
2021-08-28 21:24:57,540 - __main__ - WARNING - Rendering the page to take user input
2021-08-28 21:25:12,258 - __main__ - WARNING - Launching  the application
2021-08-28 21:25:16,229 - __main__ - WARNING - Launching  the application
2021-08-28 21:25:21,684 - __main__ - WARNING - Rendering the page to take user input
2021-08-28 21:25:57,848 - __main__ - WARNING - Launhing the prediction process
2021-08-28 21:25:57,851 - __main__ - WARNING - Preparing a dataframe from input values
2021-08-28 21:27:30,455 - __main__ - WARNING - Launching  the application
2021-08-28 21:27:34,711 - __main__ - WARNING - Launching  the application
2021-08-28 21:27:40,844 - __main__ - WARNING - Rendering the page to take user input
2021-08-28 21:27:41,493 - __main__ - WARNING - Rendering the page to take user input
2021-08-28 21:28:06,390 - __main__ - WARNING - Launhing the prediction process
2021-08-28 21:28:06,394 - __main__ - WARNING - Preparing a dataframe from input values
2021-08-28 21:28:06,406 - __main__ - WARNING - Rendering the predicted results
2021-08-28 21:28:55,191 - __main__ - WARNING - Launching  the application
2021-08-28 21:28:59,619 - __main__ - WARNING - Launching  the application
2021-08-28 21:29:05,870 - __main__ - WARNING - Rendering the page to take user input
2021-08-28 21:29:06,568 - __main__ - WARNING - Rendering the page to take user input
2021-08-28 21:29:43,302 - __main__ - WARNING - Launhing the prediction process
2021-08-28 21:29:43,304 - __main__ - WARNING - Preparing a dataframe from input values
2021-08-28 21:29:43,315 - __main__ - WARNING - Rendering the predicted results
2021-08-28 21:32:37,362 - __main__ - WARNING - Launching  the application
2021-08-28 21:32:44,514 - __main__ - WARNING - Launching  the application
2021-08-28 21:32:52,777 - __main__ - WARNING - Rendering the page to take user input
2021-08-28 21:32:53,045 - __main__ - WARNING - Rendering the page to take user input
2021-08-28 21:33:16,111 - __main__ - WARNING - Launching  the application
2021-08-28 21:33:20,822 - __main__ - WARNING - Launching  the application
2021-08-28 21:33:29,626 - __main__ - WARNING - Rendering the page to take user input
2021-08-28 21:33:29,952 - __main__ - WARNING - Rendering the page to take user input
2021-08-28 21:33:43,349 - __main__ - WARNING - Launching  the application
2021-08-28 21:33:47,111 - __main__ - WARNING - Launching  the application
2021-08-28 21:33:54,434 - __main__ - WARNING - Rendering the page to take user input
2021-08-28 21:34:20,712 - __main__ - WARNING - Launhing the prediction process
2021-08-28 21:34:20,714 - __main__ - WARNING - Preparing a dataframe from input values
2021-08-28 21:34:20,745 - __main__ - WARNING - Rendering the predicted results
2021-08-28 22:11:04,779 - __main__ - WARNING - Launching  the application
2021-08-28 22:11:12,684 - __main__ - WARNING - Launching  the application
2021-08-28 22:11:25,452 - __main__ - WARNING - Rendering the page to take user input
2021-08-28 22:12:14,718 - __main__ - WARNING - Launhing the prediction process
2021-08-28 22:12:14,721 - __main__ - WARNING - Preparing a dataframe from input values
2021-08-28 22:12:14,762 - __main__ - WARNING - Rendering the predicted results
2021-08-28 22:27:10,066 - __main__ - WARNING - Launching  the application
2021-08-28 22:27:15,130 - __main__ - WARNING - Launching  the application
2021-08-28 22:27:26,016 - __main__ - WARNING - Rendering the page to take user input
2021-08-28 22:28:03,503 - __main__ - WARNING - Launhing the prediction process
2021-08-28 22:28:03,506 - __main__ - WARNING - Preparing a dataframe from input values
2021-08-28 22:28:03,554 - __main__ - WARNING - Rendering the predicted results
2021-08-28 22:52:19,061 - __main__ - WARNING - Launching  the application
2021-08-28 22:52:22,937 - __main__ - WARNING - Launching  the application
2021-08-28 22:52:33,984 - __main__ - WARNING - Rendering the page to take user input
2021-08-28 22:52:34,583 - __main__ - WARNING - Rendering the page to take user input
2021-08-28 22:53:03,719 - __main__ - WARNING - Launching  the application
2021-08-28 22:53:08,151 - __main__ - WARNING - Launching  the application
2021-08-28 22:53:20,002 - __main__ - WARNING - Rendering the page to take user input
2021-08-28 22:54:19,552 - __main__ - WARNING - Launhing the prediction process
2021-08-28 22:54:19,555 - __main__ - WARNING - Preparing a dataframe from input values
2021-08-28 22:54:19,583 - __main__ - WARNING - Rendering the predicted results
2021-08-28 23:07:17,961 - __main__ - WARNING - Launching  the application
2021-08-28 23:07:22,284 - __main__ - WARNING - Launching  the application
2021-08-28 23:07:30,199 - __main__ - WARNING - Rendering the page to take user input
2021-08-28 23:08:06,502 - __main__ - WARNING - Launhing the prediction process
2021-08-28 23:08:06,505 - __main__ - WARNING - Preparing a dataframe from input values
2021-08-28 23:08:06,520 - __main__ - WARNING - Rendering the predicted results
2021-08-28 23:14:32,930 - __main__ - WARNING - Launching  the application
2021-08-28 23:14:36,912 - __main__ - WARNING - Launching  the application
2021-08-28 23:14:44,532 - __main__ - WARNING - Rendering the page to take user input
2021-08-28 23:15:19,491 - __main__ - WARNING - Launhing the prediction process
2021-08-28 23:15:19,494 - __main__ - WARNING - Preparing a dataframe from input values
2021-08-28 23:15:19,505 - __main__ - WARNING - Rendering the predicted results
2021-08-28 23:23:20,000 - __main__ - WARNING - Launching  the application
2021-08-28 23:23:23,762 - __main__ - WARNING - Launching  the application
2021-08-28 23:23:32,486 - __main__ - WARNING - Rendering the page to take user input
2021-08-28 23:24:09,434 - __main__ - WARNING - Launhing the prediction process
2021-08-28 23:24:09,438 - __main__ - WARNING - Preparing a dataframe from input values
2021-08-28 23:24:09,455 - __main__ - WARNING - Rendering the predicted results
2021-08-28 23:27:36,108 - __main__ - WARNING - Launching  the application
2021-08-28 23:27:39,878 - __main__ - WARNING - Launching  the application
2021-08-28 23:27:50,926 - __main__ - WARNING - Rendering the page to take user input
2021-08-28 23:28:24,148 - __main__ - WARNING - Launhing the prediction process
2021-08-28 23:28:24,153 - __main__ - WARNING - Preparing a dataframe from input values
2021-08-28 23:28:24,167 - __main__ - WARNING - Rendering the predicted results
2021-08-29 00:00:50,870 - __main__ - WARNING - Launching  the application
2021-08-29 00:00:55,596 - __main__ - WARNING - Launching  the application
2021-08-29 00:01:02,968 - __main__ - WARNING - Rendering the page to take user input
2021-08-29 00:03:17,499 - __main__ - WARNING - Launching  the application
2021-08-29 00:03:23,698 - __main__ - WARNING - Launching  the application
2021-08-29 00:03:31,267 - __main__ - WARNING - Rendering the page to take user input
2021-08-29 00:05:44,299 - __main__ - WARNING - Launching  the application
2021-08-29 00:05:50,308 - __main__ - WARNING - Launching  the application
2021-08-29 00:05:56,869 - __main__ - WARNING - Rendering the page to take user input
2021-08-29 00:15:26,987 - __main__ - WARNING - Launching  the application
2021-08-29 00:15:31,130 - __main__ - WARNING - Launching  the application
2021-08-29 00:15:41,628 - __main__ - WARNING - Rendering the page to take user input
2021-08-29 00:19:04,128 - __main__ - WARNING - Launching  the application
2021-08-29 00:19:11,083 - __main__ - WARNING - Launching  the application
2021-08-29 00:19:17,103 - __main__ - WARNING - Rendering the page to take user input
2021-08-29 00:19:40,995 - __main__ - WARNING - Launhing the prediction process
2021-08-29 00:19:41,000 - __main__ - WARNING - Preparing a dataframe from input values
2021-08-29 00:19:41,054 - __main__ - WARNING - Rendering the predicted results
2021-08-29 00:33:26,989 - __main__ - WARNING - Launching  the application
2021-08-29 00:33:31,304 - __main__ - WARNING - Launching  the application
2021-08-29 00:33:38,100 - __main__ - WARNING - Rendering the page to take user input
2021-08-29 00:35:18,954 - __main__ - WARNING - Launching  the application
2021-08-29 00:35:22,650 - __main__ - WARNING - Launching  the application
2021-08-29 00:35:41,949 - __main__ - WARNING - Rendering the page to take user input
2021-08-29 00:35:42,232 - __main__ - WARNING - Rendering the page to take user input
2021-08-29 00:35:55,363 - __main__ - WARNING - Launching  the application
2021-08-29 00:35:59,148 - __main__ - WARNING - Launching  the application
2021-08-29 00:36:03,763 - __main__ - WARNING - Rendering the page to take user input
2021-08-29 00:36:04,608 - __main__ - WARNING - Rendering the page to take user input
2021-08-29 00:36:17,797 - __main__ - WARNING - Launching  the application
2021-08-29 00:36:21,471 - __main__ - WARNING - Launching  the application
2021-08-29 00:36:46,319 - __main__ - WARNING - Rendering the page to take user input
2021-08-29 00:40:37,330 - __main__ - WARNING - Launching  the application
2021-08-29 00:40:43,953 - __main__ - WARNING - Launching  the application
2021-08-29 00:40:55,118 - __main__ - WARNING - Rendering the page to take user input
2021-08-29 00:46:34,375 - __main__ - WARNING - Launching  the application
2021-08-29 00:46:38,614 - __main__ - WARNING - Launching  the application
2021-08-29 00:46:49,462 - __main__ - WARNING - Rendering the page to take user input
2021-08-29 00:57:44,778 - __main__ - WARNING - Launching  the application
2021-08-29 00:57:48,534 - __main__ - WARNING - Launching  the application
2021-08-29 00:57:57,205 - __main__ - WARNING - Rendering the page to take user input
2021-08-29 00:57:57,657 - __main__ - WARNING - Rendering the page to take user input
2021-08-29 00:58:08,259 - __main__ - WARNING - Launching  the application
2021-08-29 00:58:12,185 - __main__ - WARNING - Launching  the application
2021-08-29 00:58:20,962 - __main__ - WARNING - Rendering the page to take user input
2021-08-29 00:58:27,697 - __main__ - WARNING - Rendering the page to take user input
2021-08-29 00:58:32,644 - __main__ - WARNING - Rendering the page to take user input
2021-08-29 01:00:21,407 - __main__ - WARNING - Launching  the application
2021-08-29 01:00:25,583 - __main__ - WARNING - Launching  the application
2021-08-29 01:00:34,061 - __main__ - WARNING - Rendering the page to take user input
2021-08-29 01:00:34,557 - __main__ - WARNING - Rendering the page to take user input
2021-08-29 01:00:51,785 - __main__ - WARNING - Launching  the application
2021-08-29 01:00:56,007 - __main__ - WARNING - Launching  the application
2021-08-29 01:01:04,251 - __main__ - WARNING - Rendering the page to take user input
2021-08-29 01:01:04,889 - __main__ - WARNING - Rendering the page to take user input
2021-08-29 01:01:25,541 - __main__ - WARNING - Launching  the application
2021-08-29 01:01:29,559 - __main__ - WARNING - Launching  the application
2021-08-29 01:01:37,728 - __main__ - WARNING - Rendering the page to take user input
2021-08-29 01:11:05,279 - __main__ - WARNING - Launching  the application
2021-08-29 01:11:09,011 - __main__ - WARNING - Launching  the application
2021-08-29 01:11:15,921 - __main__ - WARNING - Rendering the page to take user input
2021-08-29 01:11:16,605 - __main__ - WARNING - Rendering the page to take user input
2021-08-29 01:13:24,578 - __main__ - WARNING - Launching  the application
2021-08-29 01:13:29,226 - __main__ - WARNING - Launching  the application
2021-08-29 01:13:44,811 - __main__ - WARNING - Rendering the page to take user input
2021-08-29 01:13:45,211 - __main__ - WARNING - Rendering the page to take user input
2021-08-29 01:13:59,580 - __main__ - WARNING - Launching  the application
2021-08-29 01:14:03,259 - __main__ - WARNING - Launching  the application
2021-08-29 01:14:15,058 - __main__ - WARNING - Rendering the page to take user input
2021-08-29 01:16:09,919 - __main__ - WARNING - Launching  the application
2021-08-29 01:16:19,882 - __main__ - WARNING - Launching  the application
2021-08-29 01:16:23,928 - __main__ - WARNING - Launching  the application
2021-08-29 01:16:34,058 - __main__ - WARNING - Rendering the page to take user input
2021-08-29 01:17:04,089 - __main__ - WARNING - Launhing the prediction process
2021-08-29 01:17:04,091 - __main__ - WARNING - Preparing a dataframe from input values
2021-08-29 01:17:04,131 - __main__ - WARNING - Rendering the predicted results
2021-08-29 01:36:32,489 - __main__ - WARNING - Launching  the application
2021-08-29 01:36:39,096 - __main__ - WARNING - Launching  the application
2021-08-29 01:36:51,098 - __main__ - WARNING - Rendering the page to take user input
2021-08-29 01:36:52,149 - __main__ - WARNING - Rendering the page to take user input
2021-08-29 01:37:13,086 - __main__ - WARNING - Rendering the page to take user input
2021-08-29 01:37:49,715 - __main__ - WARNING - Launhing the prediction process
2021-08-29 01:37:49,718 - __main__ - WARNING - Preparing a dataframe from input values
2021-08-29 01:37:49,729 - __main__ - WARNING - Rendering the predicted results
2021-08-29 01:37:59,330 - __main__ - WARNING - Rendering the page to take user input
2021-08-29 01:38:19,893 - __main__ - WARNING - Rendering the page to take user input
